# JRE version: Java(TM) SE Runtime Environment (8.0_162-b12) (build 1.8.0_162-b12)
# Java VM: Java HotSpot(TM) 64-Bit Server VM (25.162-b12 mixed mode windows-amd64 compressed oops)
Heap:
 PSYoungGen      total 35328K, used 31788K [0x00000000eb300000, 0x00000000ed800000, 0x0000000100000000)
  eden space 32768K, 89% used [0x00000000eb300000,0x00000000ecf8c5f0,0x00000000ed300000)
  from space 2560K, 99% used [0x00000000ed300000,0x00000000ed57eb78,0x00000000ed580000)
  to   space 2560K, 0% used [0x00000000ed580000,0x00000000ed580000,0x00000000ed800000)
 ParOldGen       total 44032K, used 8823K [0x00000000c1800000, 0x00000000c4300000, 0x00000000eb300000)
  object space 44032K, 20% used [0x00000000c1800000,0x00000000c209df20,0x00000000c4300000)
 Metaspace       used 17359K, capacity 17780K, committed 17920K, reserved 1067008K
  class space    used 2168K, capacity 2302K, committed 2304K, reserved 1048576K
GC Heap History (10 events):
Event: 5.084 GC heap before
{Heap before GC invocations=3 (full 0):
 PSYoungGen      total 18944K, used 18931K [0x00000000eb300000, 0x00000000ec800000, 0x0000000100000000)
  eden space 16384K, 100% used [0x00000000eb300000,0x00000000ec300000,0x00000000ec300000)
  from space 2560K, 99% used [0x00000000ec580000,0x00000000ec7fcd10,0x00000000ec800000)
  to   space 2560K, 0% used [0x00000000ec300000,0x00000000ec300000,0x00000000ec580000)
 ParOldGen       total 44032K, used 267K [0x00000000c1800000, 0x00000000c4300000, 0x00000000eb300000)
  object space 44032K, 0% used [0x00000000c1800000,0x00000000c1842e38,0x00000000c4300000)
 Metaspace       used 7531K, capacity 7742K, committed 7936K, reserved 1056768K
  class space    used 859K, capacity 947K, committed 1024K, reserved 1048576K
Event: 5.120 GC heap after
Heap after GC invocations=3 (full 0):
 PSYoungGen      total 18944K, used 2541K [0x00000000eb300000, 0x00000000ed800000, 0x0000000100000000)
  eden space 16384K, 0% used [0x00000000eb300000,0x00000000eb300000,0x00000000ec300000)
  from space 2560K, 99% used [0x00000000ec300000,0x00000000ec57b790,0x00000000ec580000)
  to   space 2560K, 0% used [0x00000000ed580000,0x00000000ed580000,0x00000000ed800000)
 ParOldGen       total 44032K, used 3585K [0x00000000c1800000, 0x00000000c4300000, 0x00000000eb300000)
  object space 44032K, 8% used [0x00000000c1800000,0x00000000c1b80768,0x00000000c4300000)
 Metaspace       used 7531K, capacity 7742K, committed 7936K, reserved 1056768K
  class space    used 859K, capacity 947K, committed 1024K, reserved 1048576K
}
Event: 5.133 GC heap before
{Heap before GC invocations=4 (full 0):
 PSYoungGen      total 18944K, used 18916K [0x00000000eb300000, 0x00000000ed800000, 0x0000000100000000)
  eden space 16384K, 99% used [0x00000000eb300000,0x00000000ec2fdc40,0x00000000ec300000)
  from space 2560K, 99% used [0x00000000ec300000,0x00000000ec57b790,0x00000000ec580000)
  to   space 2560K, 0% used [0x00000000ed580000,0x00000000ed580000,0x00000000ed800000)
 ParOldGen       total 44032K, used 3585K [0x00000000c1800000, 0x00000000c4300000, 0x00000000eb300000)
  object space 44032K, 8% used [0x00000000c1800000,0x00000000c1b80768,0x00000000c4300000)
 Metaspace       used 7531K, capacity 7742K, committed 7936K, reserved 1056768K
  class space    used 859K, capacity 947K, committed 1024K, reserved 1048576K
Event: 5.143 GC heap after
Heap after GC invocations=4 (full 0):
 PSYoungGen      total 35328K, used 2138K [0x00000000eb300000, 0x00000000ed800000, 0x0000000100000000)
  eden space 32768K, 0% used [0x00000000eb300000,0x00000000eb300000,0x00000000ed300000)
  from space 2560K, 83% used [0x00000000ed580000,0x00000000ed796868,0x00000000ed800000)
  to   space 2560K, 0% used [0x00000000ed300000,0x00000000ed300000,0x00000000ed580000)
 ParOldGen       total 44032K, used 3593K [0x00000000c1800000, 0x00000000c4300000, 0x00000000eb300000)
  object space 44032K, 8% used [0x00000000c1800000,0x00000000c1b82768,0x00000000c4300000)
 Metaspace       used 7531K, capacity 7742K, committed 7936K, reserved 1056768K
  class space    used 859K, capacity 947K, committed 1024K, reserved 1048576K
}
Event: 5.672 GC heap before
{Heap before GC invocations=5 (full 0):
 PSYoungGen      total 35328K, used 34906K [0x00000000eb300000, 0x00000000ed800000, 0x0000000100000000)
  eden space 32768K, 100% used [0x00000000eb300000,0x00000000ed300000,0x00000000ed300000)
  from space 2560K, 83% used [0x00000000ed580000,0x00000000ed796868,0x00000000ed800000)
  to   space 2560K, 0% used [0x00000000ed300000,0x00000000ed300000,0x00000000ed580000)
 ParOldGen       total 44032K, used 3593K [0x00000000c1800000, 0x00000000c4300000, 0x00000000eb300000)
  object space 44032K, 8% used [0x00000000c1800000,0x00000000c1b82768,0x00000000c4300000)
 Metaspace       used 8564K, capacity 8758K, committed 8832K, reserved 1056768K
  class space    used 1009K, capacity 1092K, committed 1152K, reserved 1048576K
Event: 5.686 GC heap after
Heap after GC invocations=5 (full 0):
 PSYoungGen      total 35328K, used 2535K [0x00000000eb300000, 0x00000000ed800000, 0x0000000100000000)
  eden space 32768K, 0% used [0x00000000eb300000,0x00000000eb300000,0x00000000ed300000)
  from space 2560K, 99% used [0x00000000ed300000,0x00000000ed579d88,0x00000000ed580000)
  to   space 2560K, 0% used [0x00000000ed580000,0x00000000ed580000,0x00000000ed800000)
 ParOldGen       total 44032K, used 4459K [0x00000000c1800000, 0x00000000c4300000, 0x00000000eb300000)
  object space 44032K, 10% used [0x00000000c1800000,0x00000000c1c5afb0,0x00000000c4300000)
 Metaspace       used 8564K, capacity 8758K, committed 8832K, reserved 1056768K
  class space    used 1009K, capacity 1092K, committed 1152K, reserved 1048576K
}
Event: 7.469 GC heap before
{Heap before GC invocations=6 (full 0):
 PSYoungGen      total 35328K, used 35303K [0x00000000eb300000, 0x00000000ed800000, 0x0000000100000000)
  eden space 32768K, 100% used [0x00000000eb300000,0x00000000ed300000,0x00000000ed300000)
  from space 2560K, 99% used [0x00000000ed300000,0x00000000ed579d88,0x00000000ed580000)
  to   space 2560K, 0% used [0x00000000ed580000,0x00000000ed580000,0x00000000ed800000)
 ParOldGen       total 44032K, used 4459K [0x00000000c1800000, 0x00000000c4300000, 0x00000000eb300000)
  object space 44032K, 10% used [0x00000000c1800000,0x00000000c1c5afb0,0x00000000c4300000)
 Metaspace       used 11788K, capacity 12132K, committed 12288K, reserved 1060864K
  class space    used 1398K, capacity 1511K, committed 1536K, reserved 1048576K
Event: 7.487 GC heap after
Heap after GC invocations=6 (full 0):
 PSYoungGen      total 35328K, used 2556K [0x00000000eb300000, 0x00000000ed800000, 0x0000000100000000)
  eden space 32768K, 0% used [0x00000000eb300000,0x00000000eb300000,0x00000000ed300000)
  from space 2560K, 99% used [0x00000000ed580000,0x00000000ed7ff2a8,0x00000000ed800000)
  to   space 2560K, 0% used [0x00000000ed300000,0x00000000ed300000,0x00000000ed580000)
 ParOldGen       total 44032K, used 6605K [0x00000000c1800000, 0x00000000c4300000, 0x00000000eb300000)
  object space 44032K, 15% used [0x00000000c1800000,0x00000000c1e73738,0x00000000c4300000)
 Metaspace       used 11788K, capacity 12132K, committed 12288K, reserved 1060864K
  class space    used 1398K, capacity 1511K, committed 1536K, reserved 1048576K
}
Event: 8.693 GC heap before
{Heap before GC invocations=7 (full 0):
 PSYoungGen      total 35328K, used 35324K [0x00000000eb300000, 0x00000000ed800000, 0x0000000100000000)
  eden space 32768K, 100% used [0x00000000eb300000,0x00000000ed300000,0x00000000ed300000)
  from space 2560K, 99% used [0x00000000ed580000,0x00000000ed7ff2a8,0x00000000ed800000)
  to   space 2560K, 0% used [0x00000000ed300000,0x00000000ed300000,0x00000000ed580000)
 ParOldGen       total 44032K, used 6605K [0x00000000c1800000, 0x00000000c4300000, 0x00000000eb300000)
  object space 44032K, 15% used [0x00000000c1800000,0x00000000c1e73738,0x00000000c4300000)
 Metaspace       used 13803K, capacity 14196K, committed 14464K, reserved 1062912K
  class space    used 1760K, capacity 1894K, committed 1920K, reserved 1048576K
Event: 8.708 GC heap after
Heap after GC invocations=7 (full 0):
 PSYoungGen      total 35328K, used 2554K [0x00000000eb300000, 0x00000000ed800000, 0x0000000100000000)
  eden space 32768K, 0% used [0x00000000eb300000,0x00000000eb300000,0x00000000ed300000)
  from space 2560K, 99% used [0x00000000ed300000,0x00000000ed57eb78,0x00000000ed580000)
  to   space 2560K, 0% used [0x00000000ed580000,0x00000000ed580000,0x00000000ed800000)
 ParOldGen       total 44032K, used 8823K [0x00000000c1800000, 0x00000000c4300000, 0x00000000eb300000)
  object space 44032K, 20% used [0x00000000c1800000,0x00000000c209df20,0x00000000c4300000)
 Metaspace       used 13803K, capacity 14196K, committed 14464K, reserved 1062912K
  class space    used 1760K, capacity 1894K, committed 1920K, reserved 1048576K
}

