# JRE version: Java(TM) SE Runtime Environment (8.0_162-b12) (build 1.8.0_162-b12)
# Java VM: Java HotSpot(TM) 64-Bit Server VM (25.162-b12 mixed mode windows-amd64 compressed oops)
Heap:
 PSYoungGen      total 286208K, used 58702K [0x00000000eb300000, 0x00000000fd880000, 0x0000000100000000)
  eden space 275968K, 17% used [0x00000000eb300000,0x00000000ee2d5890,0x00000000fc080000)
  from space 10240K, 94% used [0x00000000fce80000,0x00000000fd7fe1c0,0x00000000fd880000)
  to   space 12288K, 0% used [0x00000000fc080000,0x00000000fc080000,0x00000000fcc80000)
 ParOldGen       total 41984K, used 13350K [0x00000000c1800000, 0x00000000c4100000, 0x00000000eb300000)
  object space 41984K, 31% used [0x00000000c1800000,0x00000000c2509958,0x00000000c4100000)
 Metaspace       used 42909K, capacity 44922K, committed 45232K, reserved 1089536K
  class space    used 5652K, capacity 6004K, committed 6064K, reserved 1048576K
GC Heap History (10 events):
Event: 29.211 GC heap before
{Heap before GC invocations=10 (full 1):
 PSYoungGen      total 137728K, used 129536K [0x00000000eb300000, 0x00000000f4300000, 0x0000000100000000)
  eden space 129536K, 100% used [0x00000000eb300000,0x00000000f3180000,0x00000000f3180000)
  from space 8192K, 0% used [0x00000000f3a00000,0x00000000f3a00000,0x00000000f4200000)
  to   space 8704K, 0% used [0x00000000f3180000,0x00000000f3180000,0x00000000f3a00000)
 ParOldGen       total 30208K, used 8087K [0x00000000c1800000, 0x00000000c3580000, 0x00000000eb300000)
  object space 30208K, 26% used [0x00000000c1800000,0x00000000c1fe5d78,0x00000000c3580000)
 Metaspace       used 25188K, capacity 26204K, committed 26288K, reserved 1073152K
  class space    used 3244K, capacity 3458K, committed 3504K, reserved 1048576K
Event: 29.233 GC heap after
Heap after GC invocations=10 (full 1):
 PSYoungGen      total 138240K, used 7190K [0x00000000eb300000, 0x00000000f8300000, 0x0000000100000000)
  eden space 129536K, 0% used [0x00000000eb300000,0x00000000eb300000,0x00000000f3180000)
  from space 8704K, 82% used [0x00000000f3180000,0x00000000f38858b8,0x00000000f3a00000)
  to   space 9216K, 0% used [0x00000000f7a00000,0x00000000f7a00000,0x00000000f8300000)
 ParOldGen       total 30208K, used 8095K [0x00000000c1800000, 0x00000000c3580000, 0x00000000eb300000)
  object space 30208K, 26% used [0x00000000c1800000,0x00000000c1fe7d78,0x00000000c3580000)
 Metaspace       used 25188K, capacity 26204K, committed 26288K, reserved 1073152K
  class space    used 3244K, capacity 3458K, committed 3504K, reserved 1048576K
}
Event: 39.339 GC heap before
{Heap before GC invocations=11 (full 1):
 PSYoungGen      total 138240K, used 136726K [0x00000000eb300000, 0x00000000f8300000, 0x0000000100000000)
  eden space 129536K, 100% used [0x00000000eb300000,0x00000000f3180000,0x00000000f3180000)
  from space 8704K, 82% used [0x00000000f3180000,0x00000000f38858b8,0x00000000f3a00000)
  to   space 9216K, 0% used [0x00000000f7a00000,0x00000000f7a00000,0x00000000f8300000)
 ParOldGen       total 30208K, used 8095K [0x00000000c1800000, 0x00000000c3580000, 0x00000000eb300000)
  object space 30208K, 26% used [0x00000000c1800000,0x00000000c1fe7d78,0x00000000c3580000)
 Metaspace       used 30697K, capacity 32116K, committed 32432K, reserved 1077248K
  class space    used 4113K, capacity 4411K, committed 4528K, reserved 1048576K
Event: 39.390 GC heap after
Heap after GC invocations=11 (full 1):
 PSYoungGen      total 200704K, used 9196K [0x00000000eb300000, 0x00000000f8400000, 0x0000000100000000)
  eden space 191488K, 0% used [0x00000000eb300000,0x00000000eb300000,0x00000000f6e00000)
  from space 9216K, 99% used [0x00000000f7a00000,0x00000000f82fb390,0x00000000f8300000)
  to   space 11264K, 0% used [0x00000000f6e00000,0x00000000f6e00000,0x00000000f7900000)
 ParOldGen       total 30208K, used 10119K [0x00000000c1800000, 0x00000000c3580000, 0x00000000eb300000)
  object space 30208K, 33% used [0x00000000c1800000,0x00000000c21e1d10,0x00000000c3580000)
 Metaspace       used 30697K, capacity 32116K, committed 32432K, reserved 1077248K
  class space    used 4113K, capacity 4411K, committed 4528K, reserved 1048576K
}
Event: 42.845 GC heap before
{Heap before GC invocations=12 (full 1):
 PSYoungGen      total 200704K, used 47905K [0x00000000eb300000, 0x00000000f8400000, 0x0000000100000000)
  eden space 191488K, 20% used [0x00000000eb300000,0x00000000ed8cd240,0x00000000f6e00000)
  from space 9216K, 99% used [0x00000000f7a00000,0x00000000f82fb390,0x00000000f8300000)
  to   space 11264K, 0% used [0x00000000f6e00000,0x00000000f6e00000,0x00000000f7900000)
 ParOldGen       total 30208K, used 10119K [0x00000000c1800000, 0x00000000c3580000, 0x00000000eb300000)
  object space 30208K, 33% used [0x00000000c1800000,0x00000000c21e1d10,0x00000000c3580000)
 Metaspace       used 33548K, capacity 35374K, committed 35496K, reserved 1079296K
  class space    used 4491K, capacity 4834K, committed 4912K, reserved 1048576K
Event: 42.875 GC heap after
Heap after GC invocations=12 (full 1):
 PSYoungGen      total 202752K, used 3801K [0x00000000eb300000, 0x00000000fd980000, 0x0000000100000000)
  eden space 191488K, 0% used [0x00000000eb300000,0x00000000eb300000,0x00000000f6e00000)
  from space 11264K, 33% used [0x00000000f6e00000,0x00000000f71b6570,0x00000000f7900000)
  to   space 11264K, 0% used [0x00000000fce80000,0x00000000fce80000,0x00000000fd980000)
 ParOldGen       total 30208K, used 15611K [0x00000000c1800000, 0x00000000c3580000, 0x00000000eb300000)
  object space 30208K, 51% used [0x00000000c1800000,0x00000000c273eec8,0x00000000c3580000)
 Metaspace       used 33548K, capacity 35374K, committed 35496K, reserved 1079296K
  class space    used 4491K, capacity 4834K, committed 4912K, reserved 1048576K
}
Event: 42.876 GC heap before
{Heap before GC invocations=13 (full 2):
 PSYoungGen      total 202752K, used 3801K [0x00000000eb300000, 0x00000000fd980000, 0x0000000100000000)
  eden space 191488K, 0% used [0x00000000eb300000,0x00000000eb300000,0x00000000f6e00000)
  from space 11264K, 33% used [0x00000000f6e00000,0x00000000f71b6570,0x00000000f7900000)
  to   space 11264K, 0% used [0x00000000fce80000,0x00000000fce80000,0x00000000fd980000)
 ParOldGen       total 30208K, used 15611K [0x00000000c1800000, 0x00000000c3580000, 0x00000000eb300000)
  object space 30208K, 51% used [0x00000000c1800000,0x00000000c273eec8,0x00000000c3580000)
 Metaspace       used 33548K, capacity 35374K, committed 35496K, reserved 1079296K
  class space    used 4491K, capacity 4834K, committed 4912K, reserved 1048576K
Event: 43.094 GC heap after
Heap after GC invocations=13 (full 2):
 PSYoungGen      total 202752K, used 0K [0x00000000eb300000, 0x00000000fd980000, 0x0000000100000000)
  eden space 191488K, 0% used [0x00000000eb300000,0x00000000eb300000,0x00000000f6e00000)
  from space 11264K, 0% used [0x00000000f6e00000,0x00000000f6e00000,0x00000000f7900000)
  to   space 11264K, 0% used [0x00000000fce80000,0x00000000fce80000,0x00000000fd980000)
 ParOldGen       total 41984K, used 13342K [0x00000000c1800000, 0x00000000c4100000, 0x00000000eb300000)
  object space 41984K, 31% used [0x00000000c1800000,0x00000000c2507958,0x00000000c4100000)
 Metaspace       used 33548K, capacity 35374K, committed 35496K, reserved 1079296K
  class space    used 4491K, capacity 4834K, committed 4912K, reserved 1048576K
}
Event: 47.439 GC heap before
{Heap before GC invocations=14 (full 2):
 PSYoungGen      total 202752K, used 191488K [0x00000000eb300000, 0x00000000fd980000, 0x0000000100000000)
  eden space 191488K, 100% used [0x00000000eb300000,0x00000000f6e00000,0x00000000f6e00000)
  from space 11264K, 0% used [0x00000000f6e00000,0x00000000f6e00000,0x00000000f7900000)
  to   space 11264K, 0% used [0x00000000fce80000,0x00000000fce80000,0x00000000fd980000)
 ParOldGen       total 41984K, used 13342K [0x00000000c1800000, 0x00000000c4100000, 0x00000000eb300000)
  object space 41984K, 31% used [0x00000000c1800000,0x00000000c2507958,0x00000000c4100000)
 Metaspace       used 39835K, capacity 41752K, committed 41904K, reserved 1085440K
  class space    used 5206K, capacity 5539K, committed 5552K, reserved 1048576K
Event: 47.492 GC heap after
Heap after GC invocations=14 (full 2):
 PSYoungGen      total 286208K, used 9720K [0x00000000eb300000, 0x00000000fd880000, 0x0000000100000000)
  eden space 275968K, 0% used [0x00000000eb300000,0x00000000eb300000,0x00000000fc080000)
  from space 10240K, 94% used [0x00000000fce80000,0x00000000fd7fe1c0,0x00000000fd880000)
  to   space 12288K, 0% used [0x00000000fc080000,0x00000000fc080000,0x00000000fcc80000)
 ParOldGen       total 41984K, used 13350K [0x00000000c1800000, 0x00000000c4100000, 0x00000000eb300000)
  object space 41984K, 31% used [0x00000000c1800000,0x00000000c2509958,0x00000000c4100000)
 Metaspace       used 39835K, capacity 41752K, committed 41904K, reserved 1085440K
  class space    used 5206K, capacity 5539K, committed 5552K, reserved 1048576K
}

